-source
1.6
-target
1.6
-classpath
/home/pino/.m2/repository/aspectj/aspectjweaver/1.5.3/aspectjweaver-1.5.3.jar:/home/pino/.m2/repository/javax/servlet/com.springsource.javax.servlet/2.5.0/com.springsource.javax.servlet-2.5.0.jar:/home/pino/.m2/repository/junit/junit/3.8.1/junit-3.8.1.jar:/home/pino/.m2/repository/junit-addons/junit-addons/1.4/junit-addons-1.4.jar:/home/pino/.m2/repository/log4j/log4j/1.2.14/log4j-1.2.14.jar:/home/pino/.m2/repository/org/aopalliance/com.springsource.org.aopalliance/1.0.0/com.springsource.org.aopalliance-1.0.0.jar:/home/pino/.m2/repository/org/slf4j/jcl-over-slf4j/1.5.8/jcl-over-slf4j-1.5.8.jar:/home/pino/.m2/repository/org/slf4j/slf4j-api/1.5.8/slf4j-api-1.5.8.jar:/home/pino/.m2/repository/org/slf4j/slf4j-log4j12/1.5.8/slf4j-log4j12-1.5.8.jar:/home/pino/.m2/repository/org/springframework/org.springframework.aop/3.0.5.RELEASE/org.springframework.aop-3.0.5.RELEASE.jar:/home/pino/.m2/repository/org/springframework/org.springframework.asm/3.0.5.RELEASE/org.springframework.asm-3.0.5.RELEASE.jar:/home/pino/.m2/repository/org/springframework/org.springframework.beans/3.0.5.RELEASE/org.springframework.beans-3.0.5.RELEASE.jar:/home/pino/.m2/repository/org/springframework/org.springframework.context/3.0.5.RELEASE/org.springframework.context-3.0.5.RELEASE.jar:/home/pino/.m2/repository/org/springframework/org.springframework.context.support/3.0.5.RELEASE/org.springframework.context.support-3.0.5.RELEASE.jar:/home/pino/.m2/repository/org/springframework/org.springframework.core/3.0.5.RELEASE/org.springframework.core-3.0.5.RELEASE.jar:/home/pino/.m2/repository/org/springframework/org.springframework.expression/3.0.5.RELEASE/org.springframework.expression-3.0.5.RELEASE.jar:/home/pino/.m2/repository/org/springframework/org.springframework.jdbc/3.0.5.RELEASE/org.springframework.jdbc-3.0.5.RELEASE.jar:/home/pino/.m2/repository/org/springframework/org.springframework.jms/3.0.5.RELEASE/org.springframework.jms-3.0.5.RELEASE.jar:/home/pino/.m2/repository/org/springframework/org.springframework.orm/3.0.5.RELEASE/org.springframework.orm-3.0.5.RELEASE.jar:/home/pino/.m2/repository/org/springframework/org.springframework.oxm/3.0.5.RELEASE/org.springframework.oxm-3.0.5.RELEASE.jar:/home/pino/.m2/repository/org/springframework/org.springframework.spring-library/3.0.5.RELEASE/org.springframework.spring-library-3.0.5.RELEASE.libd:/home/pino/.m2/repository/org/springframework/org.springframework.transaction/3.0.5.RELEASE/org.springframework.transaction-3.0.5.RELEASE.jar:/home/pino/.m2/repository/org/springframework/org.springframework.web/3.0.5.RELEASE/org.springframework.web-3.0.5.RELEASE.jar:/home/pino/.m2/repository/org/springframework/org.springframework.web.portlet/3.0.5.RELEASE/org.springframework.web.portlet-3.0.5.RELEASE.jar:/home/pino/.m2/repository/org/springframework/org.springframework.web.servlet/3.0.5.RELEASE/org.springframework.web.servlet-3.0.5.RELEASE.jar:/home/pino/Java/Workspaces/SpringInAction/SpringInActionChapter04/target/classes
-d
/home/pino/Java/Workspaces/SpringInAction/SpringInActionChapter04/target/classes
/home/pino/Java/Workspaces/SpringInAction/SpringInActionChapter04/src/main/java/com/springinaction/springidol/CriticismEngine.java
/home/pino/Java/Workspaces/SpringInAction/SpringInActionChapter04/src/main/java/com/springinaction/springidol/PerformanceException.java
/home/pino/Java/Workspaces/SpringInAction/SpringInActionChapter04/src/main/java/com/springinaction/springidol/DefaultFooImpl.java
/home/pino/Java/Workspaces/SpringInAction/SpringInActionChapter04/src/main/java/com/springinaction/springidol/Foo.java
/home/pino/Java/Workspaces/SpringInAction/SpringInActionChapter04/src/main/java/com/springinaction/springidol/AudienceAdvice.java
/home/pino/Java/Workspaces/SpringInAction/SpringInActionChapter04/src/main/java/com/springinaction/springidol/Singer.java
/home/pino/Java/Workspaces/SpringInAction/SpringInActionChapter04/src/main/java/com/springinaction/springidol/AudienceAroundAdvice.java
/home/pino/Java/Workspaces/SpringInAction/SpringInActionChapter04/src/main/java/com/springinaction/springidol/MeanJudgeAdvice.java
/home/pino/Java/Workspaces/SpringInAction/SpringInActionChapter04/src/main/java/com/springinaction/springidol/JudgeAspect.aj
/home/pino/Java/Workspaces/SpringInAction/SpringInActionChapter04/src/main/java/com/springinaction/springidol/Performer.java
/home/pino/Java/Workspaces/SpringInAction/SpringInActionChapter04/src/main/java/com/springinaction/springidol/CriticismEngineImpl.java
/home/pino/Java/Workspaces/SpringInAction/SpringInActionChapter04/src/main/java/com/springinaction/springidol/NiceJudge.java
/home/pino/Java/Workspaces/SpringInAction/SpringInActionChapter04/src/main/java/com/springinaction/springidol/SpringIdolAop.java
/home/pino/Java/Workspaces/SpringInAction/SpringInActionChapter04/src/main/java/com/springinaction/springidol/ObjectiveJudge.java
/home/pino/Java/Workspaces/SpringInAction/SpringInActionChapter04/src/main/java/com/springinaction/springidol/Audience.java
